{"C:\\xampp\\htdocs\\algoeff\\generator.js": {"path":"C:\\xampp\\htdocs\\algoeff\\generator.js","statementMap":{"0":{"start":{"line":3,"column":18},"end":{"line":3,"column":20}},"1":{"start":{"line":4,"column":4},"end":{"line":6,"column":5}},"2":{"start":{"line":5,"column":8},"end":{"line":5,"column":54}},"3":{"start":{"line":7,"column":4},"end":{"line":7,"column":19}},"4":{"start":{"line":12,"column":17},"end":{"line":12,"column":29}},"5":{"start":{"line":13,"column":13},"end":{"line":13,"column":30}},"6":{"start":{"line":14,"column":4},"end":{"line":22,"column":5}},"7":{"start":{"line":15,"column":8},"end":{"line":21,"column":9}},"8":{"start":{"line":16,"column":12},"end":{"line":20,"column":13}},"9":{"start":{"line":17,"column":16},"end":{"line":17,"column":35}},"10":{"start":{"line":18,"column":16},"end":{"line":18,"column":36}},"11":{"start":{"line":19,"column":16},"end":{"line":19,"column":35}},"12":{"start":{"line":23,"column":13},"end":{"line":23,"column":30}},"13":{"start":{"line":24,"column":4},"end":{"line":24,"column":79}},"14":{"start":{"line":25,"column":4},"end":{"line":25,"column":17}},"15":{"start":{"line":29,"column":4},"end":{"line":29,"column":24}},"16":{"start":{"line":33,"column":4},"end":{"line":33,"column":14}},"17":{"start":{"line":34,"column":4},"end":{"line":34,"column":13}},"18":{"start":{"line":35,"column":4},"end":{"line":35,"column":21}},"19":{"start":{"line":36,"column":4},"end":{"line":38,"column":5}},"20":{"start":{"line":37,"column":8},"end":{"line":37,"column":33}},"21":{"start":{"line":39,"column":4},"end":{"line":39,"column":21}},"22":{"start":{"line":40,"column":4},"end":{"line":40,"column":16}},"23":{"start":{"line":44,"column":4},"end":{"line":44,"column":17}},"24":{"start":{"line":48,"column":4},"end":{"line":48,"column":14}},"25":{"start":{"line":49,"column":4},"end":{"line":49,"column":10}},"26":{"start":{"line":50,"column":4},"end":{"line":52,"column":5}},"27":{"start":{"line":51,"column":8},"end":{"line":51,"column":14}},"28":{"start":{"line":53,"column":4},"end":{"line":55,"column":5}},"29":{"start":{"line":54,"column":8},"end":{"line":54,"column":32}},"30":{"start":{"line":56,"column":4},"end":{"line":56,"column":17}},"31":{"start":{"line":60,"column":4},"end":{"line":60,"column":18}},"32":{"start":{"line":61,"column":4},"end":{"line":63,"column":5}},"33":{"start":{"line":62,"column":8},"end":{"line":62,"column":22}},"34":{"start":{"line":64,"column":4},"end":{"line":66,"column":5}},"35":{"start":{"line":65,"column":8},"end":{"line":65,"column":34}},"36":{"start":{"line":67,"column":4},"end":{"line":67,"column":21}},"37":{"start":{"line":74,"column":4},"end":{"line":79,"column":5}},"38":{"start":{"line":75,"column":8},"end":{"line":75,"column":50}},"39":{"start":{"line":76,"column":8},"end":{"line":78,"column":9}},"40":{"start":{"line":77,"column":12},"end":{"line":77,"column":35}},"41":{"start":{"line":80,"column":4},"end":{"line":80,"column":27}},"42":{"start":{"line":83,"column":0},"end":{"line":83,"column":38}},"43":{"start":{"line":84,"column":0},"end":{"line":84,"column":32}},"44":{"start":{"line":85,"column":0},"end":{"line":85,"column":42}},"45":{"start":{"line":86,"column":0},"end":{"line":86,"column":30}},"46":{"start":{"line":87,"column":0},"end":{"line":87,"column":34}}},"fnMap":{"0":{"name":"randomNumbers","decl":{"start":{"line":2,"column":9},"end":{"line":2,"column":22}},"loc":{"start":{"line":2,"column":25},"end":{"line":8,"column":1}},"line":2},"1":{"name":"simpleSort","decl":{"start":{"line":10,"column":9},"end":{"line":10,"column":19}},"loc":{"start":{"line":10,"column":26},"end":{"line":26,"column":1}},"line":10},"2":{"name":"countElements","decl":{"start":{"line":28,"column":9},"end":{"line":28,"column":22}},"loc":{"start":{"line":28,"column":29},"end":{"line":30,"column":1}},"line":28},"3":{"name":"meanValue","decl":{"start":{"line":32,"column":9},"end":{"line":32,"column":18}},"loc":{"start":{"line":32,"column":25},"end":{"line":41,"column":1}},"line":32},"4":{"name":"probability","decl":{"start":{"line":43,"column":9},"end":{"line":43,"column":20}},"loc":{"start":{"line":43,"column":26},"end":{"line":45,"column":1}},"line":43},"5":{"name":"factorialSimple","decl":{"start":{"line":47,"column":9},"end":{"line":47,"column":24}},"loc":{"start":{"line":47,"column":27},"end":{"line":57,"column":1}},"line":47},"6":{"name":"factorialRecursive","decl":{"start":{"line":59,"column":9},"end":{"line":59,"column":27}},"loc":{"start":{"line":59,"column":30},"end":{"line":68,"column":1}},"line":59},"7":{"name":"presentElements","decl":{"start":{"line":73,"column":9},"end":{"line":73,"column":24}},"loc":{"start":{"line":73,"column":34},"end":{"line":81,"column":1}},"line":73}},"branchMap":{"0":{"loc":{"start":{"line":16,"column":12},"end":{"line":20,"column":13}},"type":"if","locations":[{"start":{"line":16,"column":12},"end":{"line":20,"column":13}},{"start":{"line":16,"column":12},"end":{"line":20,"column":13}}],"line":16},"1":{"loc":{"start":{"line":50,"column":4},"end":{"line":52,"column":5}},"type":"if","locations":[{"start":{"line":50,"column":4},"end":{"line":52,"column":5}},{"start":{"line":50,"column":4},"end":{"line":52,"column":5}}],"line":50},"2":{"loc":{"start":{"line":61,"column":4},"end":{"line":63,"column":5}},"type":"if","locations":[{"start":{"line":61,"column":4},"end":{"line":63,"column":5}},{"start":{"line":61,"column":4},"end":{"line":63,"column":5}}],"line":61},"3":{"loc":{"start":{"line":76,"column":8},"end":{"line":78,"column":9}},"type":"if","locations":[{"start":{"line":76,"column":8},"end":{"line":78,"column":9}},{"start":{"line":76,"column":8},"end":{"line":78,"column":9}}],"line":76}},"s":{"0":0,"1":0,"2":0,"3":0,"4":1,"5":1,"6":1,"7":8,"8":36,"9":21,"10":21,"11":21,"12":1,"13":1,"14":1,"15":2,"16":1,"17":1,"18":1,"19":1,"20":4,"21":1,"22":1,"23":1,"24":1,"25":1,"26":1,"27":0,"28":1,"29":3,"30":1,"31":0,"32":0,"33":0,"34":0,"35":0,"36":0,"37":0,"38":0,"39":0,"40":0,"41":0,"42":1,"43":1,"44":1,"45":1,"46":1},"f":{"0":0,"1":1,"2":2,"3":1,"4":1,"5":1,"6":0,"7":0},"b":{"0":[21,15],"1":[0,1],"2":[0,0],"3":[0,0]},"_coverageSchema":"1a1c01bbd47fc00a2c39e90264f33305004495a9","hash":"d9ad82399f9ed7b6539e6e527f076a00ffd03948"}
}
