TN:
SF:generator.js
FN:2,randomNumbers
FN:10,simpleSort
FN:28,countElements
FN:32,meanValue
FN:43,probability
FN:47,factorialSimple
FN:59,factorialRecursive
FN:73,presentElements
FNF:8
FNH:5
FNDA:0,randomNumbers
FNDA:1,simpleSort
FNDA:2,countElements
FNDA:1,meanValue
FNDA:1,probability
FNDA:1,factorialSimple
FNDA:0,factorialRecursive
FNDA:0,presentElements
DA:3,0
DA:4,0
DA:5,0
DA:7,0
DA:12,1
DA:13,1
DA:14,1
DA:15,8
DA:16,36
DA:17,21
DA:18,21
DA:19,21
DA:23,1
DA:24,1
DA:25,1
DA:29,2
DA:33,1
DA:34,1
DA:35,1
DA:36,1
DA:37,4
DA:39,1
DA:40,1
DA:44,1
DA:48,1
DA:49,1
DA:50,1
DA:51,0
DA:53,1
DA:54,3
DA:56,1
DA:60,0
DA:61,0
DA:62,0
DA:64,0
DA:65,0
DA:67,0
DA:74,0
DA:75,0
DA:76,0
DA:77,0
DA:80,0
DA:83,1
DA:84,1
DA:85,1
DA:86,1
DA:87,1
LF:47
LH:31
BRDA:16,0,0,21
BRDA:16,0,1,15
BRDA:50,1,0,0
BRDA:50,1,1,1
BRDA:61,2,0,0
BRDA:61,2,1,0
BRDA:76,3,0,0
BRDA:76,3,1,0
BRF:8
BRH:3
end_of_record
